#
# A fatal error has been detected by the Java Runtime Environment:
#
#  EXCEPTION_ACCESS_VIOLATION (0xc0000005) at pc=0x00000299daad1066, pid=4380, tid=0x0000000000002654
#
# JRE version: OpenJDK Runtime Environment (8.0_402-b06) (build 1.8.0_402-b06)
# Java VM: OpenJDK 64-Bit Server VM (25.402-b06 mixed mode windows-amd64 compressed oops)
# Problematic frame:
# C  [OpenAL64.dll+0x11066]
#
# Failed to write core dump. Minidumps are not enabled by default on client versions of Windows
#
# If you would like to submit a bug report, please visit:
#   https://github.com/adoptium/adoptium-support/issues
# The crash happened outside the Java Virtual Machine in native code.
# See problematic frame for where to report the bug.
#

---------------  T H R E A D  ---------------

Current thread (0x00000299da8ff800):  JavaThread "main" [_thread_in_native, id=9812, stack(0x000000d61dd00000,0x000000d61de00000)]

siginfo: ExceptionCode=0xc0000005, reading address 0x00000299f346e004

Registers:
RAX=0x0000000000000004, RBX=0x00000299f67b0090, RCX=0x00000299f346e008, RDX=0x00000299f346e004
RSP=0x000000d61ddfb610, RBP=0x00000000000000ff, RSI=0x00000299f3465f9c, RDI=0x0000000000000000
R8 =0x000000000000201a, R9 =0x00000299f3465f9c, R10=0x00000299dc339c62, R11=0x000000006aca8ff0
R12=0x0000000000000001, R13=0x00000299f5391810, R14=0x000000d61ddfb7b0, R15=0x00000299da8ff800
RIP=0x00000299daad1066, EFLAGS=0x0000000000010202

Top of Stack: (sp=0x000000d61ddfb610)
0x000000d61ddfb610:   0000000000000000 00000299da8ff800
0x000000d61ddfb620:   000000d61ddfb7b0 00000299f5391810
0x000000d61ddfb630:   00000299f5391810 0000000000000000
0x000000d61ddfb640:   00000299da8ff800 0000000000000000
0x000000d61ddfb650:   000000d61ddfb778 000000006ab3f2bb
0x000000d61ddfb660:   000000d61ddfb690 00000299dc37a6e9
0x000000d61ddfb670:   00000299da8c8630 00000299da8fffe0
0x000000d61ddfb680:   00000299da8ff800 000000d61ddfb7b0
0x000000d61ddfb690:   00000299f5391810 0000000000000000
0x000000d61ddfb6a0:   00000299f3465f9c 0000000000000248
0x000000d61ddfb6b0:   000000d61ddfb778 00000299daad248f
0x000000d61ddfb6c0:   00000299f67b0090 00000299f67b0090
0x000000d61ddfb6d0:   000002990000ac44 0000029900000004
0x000000d61ddfb6e0:   00000299dc327bd0 00000299dc339c8e
0x000000d61ddfb6f0:   00000299f5391810 0000000000000248
0x000000d61ddfb700:   00000299dc327bd0 00000299dc33999b 

Instructions: (pc=0x00000299daad1066)
0x00000299daad1046:   41 2b ec 81 3a 03 00 02 00 75 09 8b 01 89 84 24
0x00000299daad1056:   c8 00 00 00 49 83 c0 02 48 83 c1 08 4a 8d 14 86
0x00000299daad1066:   39 3a 75 af 4c 8d 84 24 c0 00 00 00 48 8d 15 d7
0x00000299daad1076:   2b 03 00 33 c9 e8 58 5f 00 00 b8 40 1f 00 00 4c 


Register to memory mapping:

RAX=0x0000000000000004 is an unknown value
RBX=0x00000299f67b0090 is an unknown value
RCX=0x00000299f346e008 is an unknown value
RDX=0x00000299f346e004 is an unknown value
RSP=0x000000d61ddfb610 is pointing into the stack for thread: 0x00000299da8ff800
RBP=0x00000000000000ff is an unknown value
RSI=0x00000299f3465f9c is an unknown value
RDI=0x0000000000000000 is an unknown value
R8 =0x000000000000201a is an unknown value
R9 =0x00000299f3465f9c is an unknown value
R10=0x00000299dc339c62 is at code_begin+962 in an Interpreter codelet
method entry point (kind = native)  [0x00000299dc3398a0, 0x00000299dc33a340]  2720 bytes
R11=0x000000006aca8ff0 is an unknown value
R12=0x0000000000000001 is an unknown value
R13={method} {0x00000299f5391818} 'nalcCreateContext' '(JJ)J' in 'org/lwjgl/openal/ALC10'
R14=0x000000d61ddfb7b0 is pointing into the stack for thread: 0x00000299da8ff800
R15=0x00000299da8ff800 is a thread


Stack: [0x000000d61dd00000,0x000000d61de00000],  sp=0x000000d61ddfb610,  free space=1005k
Native frames: (J=compiled Java code, j=interpreted, Vv=VM code, C=native code)
C  [OpenAL64.dll+0x11066]
C  [OpenAL64.dll+0x1248f]
C  0x00000299dc339c8e

Java frames: (J=compiled Java code, j=interpreted, Vv=VM code)
j  org.lwjgl.openal.ALC10.nalcCreateContext(JJ)J+0
j  org.lwjgl.openal.ALC10.alcCreateContext(Lorg/lwjgl/openal/ALCdevice;Ljava/nio/IntBuffer;)Lorg/lwjgl/openal/ALCcontext;+8
j  org.lwjgl.openal.AL.init(Ljava/lang/String;IIZZ)V+69
j  org.lwjgl.openal.AL.create(Ljava/lang/String;IIZZ)V+246
j  org.lwjgl.openal.AL.create(Ljava/lang/String;IIZ)V+5
j  org.lwjgl.openal.AL.create()V+6
j  com.badlogic.gdx.backends.lwjgl.audio.OpenALAudio.<init>(III)V+114
j  com.badlogic.gdx.backends.lwjgl.LwjglApplication.<init>(Lcom/badlogic/gdx/ApplicationListener;Lcom/badlogic/gdx/backends/lwjgl/LwjglApplicationConfiguration;Lcom/badlogic/gdx/backends/lwjgl/LwjglGraphics;)V+120
j  com.badlogic.gdx.backends.lwjgl.LwjglApplication.<init>(Lcom/badlogic/gdx/ApplicationListener;Lcom/badlogic/gdx/backends/lwjgl/LwjglApplicationConfiguration;)V+11
j  org.uqbar.project.wollok.game.gameboard.WollokGDXApplication.<init>(Lorg/uqbar/project/wollok/game/gameboard/Gameboard;Ljava/lang/Boolean;)V+17
j  org.uqbar.project.wollok.game.helpers.Application.start(Lorg/uqbar/project/wollok/game/gameboard/Gameboard;Ljava/lang/Boolean;)V+5
j  org.uqbar.project.wollok.game.gameboard.Gameboard.start(Ljava/lang/Boolean;)V+13
j  wollok.game.GameObject.doStart(Ljava/lang/Boolean;)V+12
v  ~StubRoutines::call_stub
J 3302  sun.reflect.NativeMethodAccessorImpl.invoke0(Ljava/lang/reflect/Method;Ljava/lang/Object;[Ljava/lang/Object;)Ljava/lang/Object; (0 bytes) @ 0x00000299dcd317bf [0x00000299dcd31740+0x7f]
J 3301 C1 sun.reflect.NativeMethodAccessorImpl.invoke(Ljava/lang/Object;[Ljava/lang/Object;)Ljava/lang/Object; (104 bytes) @ 0x00000299dcd31f84 [0x00000299dcd31be0+0x3a4]
J 2706 C1 sun.reflect.DelegatingMethodAccessorImpl.invoke(Ljava/lang/Object;[Ljava/lang/Object;)Ljava/lang/Object; (10 bytes) @ 0x00000299dcbc0f44 [0x00000299dcbc0e40+0x104]
J 2692 C1 java.lang.reflect.Method.invoke(Ljava/lang/Object;[Ljava/lang/Object;)Ljava/lang/Object; (62 bytes) @ 0x00000299dcbbc56c [0x00000299dcbbc180+0x3ec]
J 3489 C1 org.uqbar.project.wollok.ui.utils.XTendUtilExtensions.invokeConvertingArgs(Ljava/lang/reflect/Method;Ljava/lang/Object;[Ljava/lang/Object;)Lorg/uqbar/project/wollok/interpreter/core/WollokObject; (368 bytes) @ 0x00000299dcdf678c [0x00000299dcdf4bc0+0x1bcc]
J 3484 C1 org.uqbar.project.wollok.interpreter.AbstractWollokCallable._invokeNative(Ljava/lang/Object;Ljava/lang/String;[Lorg/uqbar/project/wollok/interpreter/core/WollokObject;)Lorg/uqbar/project/wollok/interpreter/core/WollokObject; (49 bytes) @ 0x00000299dcdeeb64 [0x00000299dcdee8c0+0x2a4]
J 3542 C1 org.uqbar.project.wollok.interpreter.AbstractWollokCallable.invokeNative(Ljava/lang/Object;Ljava/lang/String;[Lorg/uqbar/project/wollok/interpreter/core/WollokObject;)Lorg/uqbar/project/wollok/interpreter/core/WollokObject; (76 bytes) @ 0x00000299dce22bec [0x00000299dce21fa0+0xc4c]
J 3480 C1 org.uqbar.project.wollok.interpreter.AbstractWollokCallable$1.apply()Lorg/uqbar/project/wollok/interpreter/core/WollokObject; (145 bytes) @ 0x00000299dcdec58c [0x00000299dcdebf40+0x64c]
J 3479 C1 org.uqbar.project.wollok.interpreter.AbstractWollokCallable$1.apply()Ljava/lang/Object; (5 bytes) @ 0x00000299dcdeba7c [0x00000299dcdeba00+0x7c]
J 3423 C1 org.uqbar.project.wollok.interpreter.threads.WThread.performOnStack(Lorg/eclipse/emf/ecore/EObject;Lorg/uqbar/project/wollok/interpreter/context/EvaluationContext;Lorg/eclipse/xtext/xbase/lib/Functions$Function0;)Lorg/uqbar/project/wollok/interpreter/core/WollokObject; (157 bytes) @ 0x00000299dcda0b54 [0x00000299dcda0840+0x314]
J 3482 C1 org.uqbar.project.wollok.interpreter.AbstractWollokCallable.call(Lorg/uqbar/project/wollok/wollokDsl/WMethodDeclaration;[Lorg/uqbar/project/wollok/interpreter/core/WollokObject;)Lorg/uqbar/project/wollok/interpreter/core/WollokObject; (46 bytes) @ 0x00000299dcdea564 [0x00000299dcde98a0+0xcc4]
J 3389 C1 org.uqbar.project.wollok.interpreter.core.WollokObject.call(Ljava/lang/String;[Lorg/uqbar/project/wollok/interpreter/core/WollokObject;)Lorg/uqbar/project/wollok/interpreter/core/WollokObject; (61 bytes) @ 0x00000299dcd8907c [0x00000299dcd889c0+0x6bc]
J 3499 C1 org.uqbar.project.wollok.interpreter.WollokInterpreterEvaluator._evaluate(Lorg/uqbar/project/wollok/wollokDsl/WFeatureCall;)Lorg/uqbar/project/wollok/interpreter/core/WollokObject; (125 bytes) @ 0x00000299dce04894 [0x00000299dce03700+0x1194]
J 3281 C1 org.uqbar.project.wollok.launch.WollokLauncherInterpreterEvaluator.evaluate(Lorg/eclipse/emf/ecore/EObject;)Lorg/uqbar/project/wollok/interpreter/core/WollokObject; (502 bytes) @ 0x00000299dcd1ec6c [0x00000299dcd1aac0+0x41ac]
J 3205 C1 org.uqbar.project.wollok.interpreter.WollokInterpreter.eval(Lorg/eclipse/emf/ecore/EObject;)Lorg/uqbar/project/wollok/interpreter/core/WollokObject; (190 bytes) @ 0x00000299dccdee3c [0x00000299dccde400+0xa3c]
J 3738 C1 org.uqbar.project.wollok.interpreter.WollokInterpreterEvaluator$1.apply(Ljava/lang/Object;Ljava/lang/Object;)Ljava/lang/Object; (13 bytes) @ 0x00000299dcf05564 [0x00000299dcf051e0+0x384]
J 3251 C1 org.eclipse.xtext.xbase.lib.IteratorExtensions.fold(Ljava/util/Iterator;Ljava/lang/Object;Lorg/eclipse/xtext/xbase/lib/Functions$Function2;)Ljava/lang/Object; (30 bytes) @ 0x00000299dcd0229c [0x00000299dcd020e0+0x1bc]
J 3785 C1 org.uqbar.project.wollok.interpreter.WollokInterpreterEvaluator._evaluate(Lorg/uqbar/project/wollok/wollokDsl/WBlockExpression;)Lorg/uqbar/project/wollok/interpreter/core/WollokObject; (40 bytes) @ 0x00000299dcf27b14 [0x00000299dcf26ec0+0xc54]
J 3281 C1 org.uqbar.project.wollok.launch.WollokLauncherInterpreterEvaluator.evaluate(Lorg/eclipse/emf/ecore/EObject;)Lorg/uqbar/project/wollok/interpreter/core/WollokObject; (502 bytes) @ 0x00000299dcd21f2c [0x00000299dcd1aac0+0x746c]
J 3205 C1 org.uqbar.project.wollok.interpreter.WollokInterpreter.eval(Lorg/eclipse/emf/ecore/EObject;)Lorg/uqbar/project/wollok/interpreter/core/WollokObject; (190 bytes) @ 0x00000299dccdee3c [0x00000299dccde400+0xa3c]
J 3480 C1 org.uqbar.project.wollok.interpreter.AbstractWollokCallable$1.apply()Lorg/uqbar/project/wollok/interpreter/core/WollokObject; (145 bytes) @ 0x00000299dcdec8bc [0x00000299dcdebf40+0x97c]
J 3479 C1 org.uqbar.project.wollok.interpreter.AbstractWollokCallable$1.apply()Ljava/lang/Object; (5 bytes) @ 0x00000299dcdeba7c [0x00000299dcdeba00+0x7c]
J 3423 C1 org.uqbar.project.wollok.interpreter.threads.WThread.performOnStack(Lorg/eclipse/emf/ecore/EObject;Lorg/uqbar/project/wollok/interpreter/context/EvaluationContext;Lorg/eclipse/xtext/xbase/lib/Functions$Function0;)Lorg/uqbar/project/wollok/interpreter/core/WollokObject; (157 bytes) @ 0x00000299dcda0b54 [0x00000299dcda0840+0x314]
J 3482 C1 org.uqbar.project.wollok.interpreter.AbstractWollokCallable.call(Lorg/uqbar/project/wollok/wollokDsl/WMethodDeclaration;[Lorg/uqbar/project/wollok/interpreter/core/WollokObject;)Lorg/uqbar/project/wollok/interpreter/core/WollokObject; (46 bytes) @ 0x00000299dcdea564 [0x00000299dcde98a0+0xcc4]
J 3389 C1 org.uqbar.project.wollok.interpreter.core.WollokObject.call(Ljava/lang/String;[Lorg/uqbar/project/wollok/interpreter/core/WollokObject;)Lorg/uqbar/project/wollok/interpreter/core/WollokObject; (61 bytes) @ 0x00000299dcd8907c [0x00000299dcd889c0+0x6bc]
J 3499 C1 org.uqbar.project.wollok.interpreter.WollokInterpreterEvaluator._evaluate(Lorg/uqbar/project/wollok/wollokDsl/WFeatureCall;)Lorg/uqbar/project/wollok/interpreter/core/WollokObject; (125 bytes) @ 0x00000299dce04894 [0x00000299dce03700+0x1194]
J 3281 C1 org.uqbar.project.wollok.launch.WollokLauncherInterpreterEvaluator.evaluate(Lorg/eclipse/emf/ecore/EObject;)Lorg/uqbar/project/wollok/interpreter/core/WollokObject; (502 bytes) @ 0x00000299dcd1ec6c [0x00000299dcd1aac0+0x41ac]
J 3205 C1 org.uqbar.project.wollok.interpreter.WollokInterpreter.eval(Lorg/eclipse/emf/ecore/EObject;)Lorg/uqbar/project/wollok/interpreter/core/WollokObject; (190 bytes) @ 0x00000299dccdee3c [0x00000299dccde400+0xa3c]
J 3738 C1 org.uqbar.project.wollok.interpreter.WollokInterpreterEvaluator$1.apply(Ljava/lang/Object;Ljava/lang/Object;)Ljava/lang/Object; (13 bytes) @ 0x00000299dcf05564 [0x00000299dcf051e0+0x384]
j  org.eclipse.xtext.xbase.lib.IteratorExtensions.fold(Ljava/util/Iterator;Ljava/lang/Object;Lorg/eclipse/xtext/xbase/lib/Functions$Function2;)Ljava/lang/Object;+19
j  org.eclipse.xtext.xbase.lib.IterableExtensions.fold(Ljava/lang/Iterable;Ljava/lang/Object;Lorg/eclipse/xtext/xbase/lib/Functions$Function2;)Ljava/lang/Object;+8
j  org.uqbar.project.wollok.interpreter.WollokInterpreterEvaluator.evalAll(Ljava/lang/Iterable;)Lorg/uqbar/project/wollok/interpreter/core/WollokObject;+12
j  org.uqbar.project.wollok.interpreter.WollokInterpreterEvaluator._evaluate(Lorg/uqbar/project/wollok/wollokDsl/WBlockExpression;)Lorg/uqbar/project/wollok/interpreter/core/WollokObject;+34
j  org.uqbar.project.wollok.launch.WollokLauncherInterpreterEvaluator.evaluate(Lorg/eclipse/emf/ecore/EObject;)Lorg/uqbar/project/wollok/interpreter/core/WollokObject;+76
j  org.uqbar.project.wollok.interpreter.WollokInterpreterEvaluator.evaluate(Lorg/eclipse/emf/ecore/EObject;)Ljava/lang/Object;+2
j  org.uqbar.project.wollok.interpreter.WollokInterpreter.eval(Lorg/eclipse/emf/ecore/EObject;)Lorg/uqbar/project/wollok/interpreter/core/WollokObject;+63
j  org.uqbar.project.wollok.interpreter.AbstractWollokCallable.eval(Lorg/eclipse/emf/ecore/EObject;)Lorg/uqbar/project/wollok/interpreter/core/WollokObject;+5
j  org.uqbar.project.wollok.interpreter.AbstractWollokCallable$1.apply()Lorg/uqbar/project/wollok/interpreter/core/WollokObject;+110
j  org.uqbar.project.wollok.interpreter.AbstractWollokCallable$1.apply()Ljava/lang/Object;+1
j  org.uqbar.project.wollok.interpreter.threads.WThread.performOnStack(Lorg/eclipse/emf/ecore/EObject;Lorg/uqbar/project/wollok/interpreter/context/EvaluationContext;Lorg/eclipse/xtext/xbase/lib/Functions$Function0;)Lorg/uqbar/project/wollok/interpreter/core/WollokObject;+29
j  org.uqbar.project.wollok.interpreter.WollokInterpreter.performOnStack(Lorg/eclipse/emf/ecore/EObject;Lorg/uqbar/project/wollok/interpreter/context/EvaluationContext;Lorg/eclipse/xtext/xbase/lib/Functions$Function0;)Lorg/uqbar/project/wollok/interpreter/core/WollokObject;+7
j  org.uqbar.project.wollok.interpreter.AbstractWollokCallable.call(Lorg/uqbar/project/wollok/wollokDsl/WMethodDeclaration;[Lorg/uqbar/project/wollok/interpreter/core/WollokObject;)Lorg/uqbar/project/wollok/interpreter/core/WollokObject;+38
j  org.uqbar.project.wollok.interpreter.core.WollokObject.call(Ljava/lang/String;[Lorg/uqbar/project/wollok/interpreter/core/WollokObject;)Lorg/uqbar/project/wollok/interpreter/core/WollokObject;+55
j  org.uqbar.project.wollok.interpreter.WollokInterpreterEvaluator._evaluate(Lorg/uqbar/project/wollok/wollokDsl/WFeatureCall;)Lorg/uqbar/project/wollok/interpreter/core/WollokObject;+119
j  org.uqbar.project.wollok.launch.WollokLauncherInterpreterEvaluator.evaluate(Lorg/eclipse/emf/ecore/EObject;)Lorg/uqbar/project/wollok/interpreter/core/WollokObject;+412
j  org.uqbar.project.wollok.interpreter.WollokInterpreterEvaluator.evaluate(Lorg/eclipse/emf/ecore/EObject;)Ljava/lang/Object;+2
j  org.uqbar.project.wollok.interpreter.WollokInterpreter.eval(Lorg/eclipse/emf/ecore/EObject;)Lorg/uqbar/project/wollok/interpreter/core/WollokObject;+63
j  org.uqbar.project.wollok.interpreter.WollokInterpreterEvaluator.eval(Lorg/eclipse/emf/ecore/EObject;)Lorg/uqbar/project/wollok/interpreter/core/WollokObject;+5
j  org.uqbar.project.wollok.interpreter.WollokInterpreterEvaluator$1.apply(Lorg/uqbar/project/wollok/interpreter/core/WollokObject;Lorg/eclipse/emf/ecore/EObject;)Lorg/uqbar/project/wollok/interpreter/core/WollokObject;+5
j  org.uqbar.project.wollok.interpreter.WollokInterpreterEvaluator$1.apply(Ljava/lang/Object;Ljava/lang/Object;)Ljava/lang/Object;+9
j  org.eclipse.xtext.xbase.lib.IteratorExtensions.fold(Ljava/util/Iterator;Ljava/lang/Object;Lorg/eclipse/xtext/xbase/lib/Functions$Function2;)Ljava/lang/Object;+19
j  org.eclipse.xtext.xbase.lib.IterableExtensions.fold(Ljava/lang/Iterable;Ljava/lang/Object;Lorg/eclipse/xtext/xbase/lib/Functions$Function2;)Ljava/lang/Object;+8
j  org.uqbar.project.wollok.interpreter.WollokInterpreterEvaluator.evalAll(Ljava/lang/Iterable;)Lorg/uqbar/project/wollok/interpreter/core/WollokObject;+12
j  org.uqbar.project.wollok.interpreter.WollokInterpreterEvaluator._evaluate(Lorg/uqbar/project/wollok/wollokDsl/WProgram;)Lorg/uqbar/project/wollok/interpreter/core/WollokObject;+18
j  org.uqbar.project.wollok.launch.WollokLauncherInterpreterEvaluator.evaluate(Lorg/eclipse/emf/ecore/EObject;)Lorg/uqbar/project/wollok/interpreter/core/WollokObject;+444
j  org.uqbar.project.wollok.interpreter.WollokInterpreterEvaluator.evaluate(Lorg/eclipse/emf/ecore/EObject;)Ljava/lang/Object;+2
j  org.uqbar.project.wollok.interpreter.WollokInterpreter.eval(Lorg/eclipse/emf/ecore/EObject;)Lorg/uqbar/project/wollok/interpreter/core/WollokObject;+63
j  org.uqbar.project.wollok.interpreter.WollokInterpreterEvaluator.eval(Lorg/eclipse/emf/ecore/EObject;)Lorg/uqbar/project/wollok/interpreter/core/WollokObject;+5
j  org.uqbar.project.wollok.launch.WollokLauncherInterpreterEvaluator._evaluate(Lorg/uqbar/project/wollok/wollokDsl/WFile;)Lorg/uqbar/project/wollok/interpreter/core/WollokObject;+32
j  org.uqbar.project.wollok.launch.WollokLauncherInterpreterEvaluator.evaluate(Lorg/eclipse/emf/ecore/EObject;)Lorg/uqbar/project/wollok/interpreter/core/WollokObject;+428
j  org.uqbar.project.wollok.interpreter.WollokInterpreterEvaluator.evaluate(Lorg/eclipse/emf/ecore/EObject;)Ljava/lang/Object;+2
j  org.uqbar.project.wollok.interpreter.WollokInterpreter.interpret(Lorg/eclipse/emf/ecore/EObject;Ljava/lang/Boolean;)Lorg/uqbar/project/wollok/interpreter/core/WollokObject;+25
j  org.uqbar.project.wollok.interpreter.WollokInterpreter.interpret(Lorg/eclipse/emf/ecore/EObject;)Lorg/uqbar/project/wollok/interpreter/core/WollokObject;+8
j  org.uqbar.project.wollok.launch.WollokLauncher.doSomething(Lorg/uqbar/project/wollok/wollokDsl/WFile;Lcom/google/inject/Injector;Ljava/io/File;Lorg/uqbar/project/wollok/launch/WollokLauncherParameters;)V+109
j  org.uqbar.project.wollok.launch.WollokChecker.launch(Ljava/lang/String;Lorg/uqbar/project/wollok/launch/WollokLauncherParameters;)V+31
j  org.uqbar.project.wollok.launch.WollokChecker.doMain([Ljava/lang/String;)V+205
j  org.uqbar.project.wollok.launch.WollokLauncher.main([Ljava/lang/String;)V+8
v  ~StubRoutines::call_stub

---------------  P R O C E S S  ---------------

Java Threads: ( => current thread )
  0x00000299f2649800 JavaThread "com.google.inject.internal.util.$Finalizer" daemon [_thread_blocked, id=11564, stack(0x000000d61ed00000,0x000000d61ee00000)]
  0x00000299f25b4800 JavaThread "EMF Reference Cleaner" daemon [_thread_blocked, id=7484, stack(0x000000d61ec00000,0x000000d61ed00000)]
  0x00000299f0b2e000 JavaThread "Service Thread" daemon [_thread_blocked, id=2804, stack(0x000000d61ea00000,0x000000d61eb00000)]
  0x00000299f0ab0800 JavaThread "C1 CompilerThread2" daemon [_thread_blocked, id=9240, stack(0x000000d61e900000,0x000000d61ea00000)]
  0x00000299f0aaf000 JavaThread "C2 CompilerThread1" daemon [_thread_blocked, id=4028, stack(0x000000d61e800000,0x000000d61e900000)]
  0x00000299f0ab5000 JavaThread "C2 CompilerThread0" daemon [_thread_blocked, id=10464, stack(0x000000d61e700000,0x000000d61e800000)]
  0x00000299f0aa5000 JavaThread "Attach Listener" daemon [_thread_blocked, id=7100, stack(0x000000d61e600000,0x000000d61e700000)]
  0x00000299f0aa3800 JavaThread "Signal Dispatcher" daemon [_thread_blocked, id=5536, stack(0x000000d61e500000,0x000000d61e600000)]
  0x00000299f0a7b000 JavaThread "Finalizer" daemon [_thread_blocked, id=4960, stack(0x000000d61e400000,0x000000d61e500000)]
  0x00000299f0a73000 JavaThread "Reference Handler" daemon [_thread_blocked, id=6236, stack(0x000000d61e300000,0x000000d61e400000)]
=>0x00000299da8ff800 JavaThread "main" [_thread_in_native, id=9812, stack(0x000000d61dd00000,0x000000d61de00000)]

Other Threads:
  0x00000299f0a49000 VMThread [stack: 0x000000d61e200000,0x000000d61e300000] [id=8028]
  0x00000299f0b42800 WatcherThread [stack: 0x000000d61eb00000,0x000000d61ec00000] [id=8864]

VM state:not at safepoint (normal execution)

VM Mutex/Monitor currently owned by a thread: None

heap address: 0x0000000081e00000, size: 2018 MB, Compressed Oops mode: 32-bit
Narrow klass base: 0x0000000000000000, Narrow klass shift: 3
Compressed class space size: 1073741824 Address: 0x0000000100000000

Heap:
 PSYoungGen      total 138240K, used 8500K [0x00000000d5f80000, 0x00000000e3880000, 0x0000000100000000)
  eden space 133120K, 5% used [0x00000000d5f80000,0x00000000d672d2e0,0x00000000de180000)
  from space 5120K, 12% used [0x00000000de180000,0x00000000de220000,0x00000000de680000)
  to   space 20480K, 0% used [0x00000000e2480000,0x00000000e2480000,0x00000000e3880000)
 ParOldGen       total 90624K, used 24012K [0x0000000081e00000, 0x0000000087680000, 0x00000000d5f80000)
  object space 90624K, 26% used [0x0000000081e00000,0x0000000083573290,0x0000000087680000)
 Metaspace       used 22331K, capacity 22696K, committed 22912K, reserved 1069056K
  class space    used 2779K, capacity 2880K, committed 2944K, reserved 1048576K

Card table byte_map: [0x00000299eb6e0000,0x00000299ebae0000] byte_map_base: 0x00000299eb2d1000

Marking Bits: (ParMarkBitMap*) 0x000000006b280850
 Begin Bits: [0x00000299ebd90000, 0x00000299edd18000)
 End Bits:   [0x00000299edd18000, 0x00000299efca0000)

Polling page: 0x00000299daa30000

CodeCache: size=245760Kb used=13025Kb max_used=13034Kb free=232734Kb
 bounds [0x00000299dc320000, 0x00000299dcff0000, 0x00000299eb320000]
 total_blobs=4426 nmethods=3972 adapters=365
 compilation: enabled

Compilation events (10 events):
Event: 6.563 Thread 0x00000299f0ab0800 nmethod 3975 0x00000299dcfb4690 code [0x00000299dcfb4800, 0x00000299dcfb4a78]
Event: 6.563 Thread 0x00000299f0ab0800 3976       3       java.nio.DirectByteBuffer::ix (10 bytes)
Event: 6.563 Thread 0x00000299f0ab0800 nmethod 3976 0x00000299dcfd4e10 code [0x00000299dcfd4f60, 0x00000299dcfd50b8]
Event: 6.565 Thread 0x00000299f0ab0800 3978       3       java.nio.DirectByteBuffer::put (18 bytes)
Event: 6.565 Thread 0x00000299f0ab5000 nmethod 3973 0x00000299dcfd10d0 code [0x00000299dcfd1240, 0x00000299dcfd1a38]
Event: 6.565 Thread 0x00000299f0ab0800 nmethod 3978 0x00000299dcfb4190 code [0x00000299dcfb4300, 0x00000299dcfb4578]
Event: 6.565 Thread 0x00000299f0ab0800 3979       1       java.nio.DirectByteBuffer::ix (10 bytes)
Event: 6.565 Thread 0x00000299f0ab0800 nmethod 3979 0x00000299dcfb3ed0 code [0x00000299dcfb4020, 0x00000299dcfb4138]
Event: 6.576 Thread 0x00000299f0aaf000 3980       4       java.lang.Throwable::<init> (34 bytes)
Event: 6.580 Thread 0x00000299f0aaf000 nmethod 3980 0x00000299dcfd6890 code [0x00000299dcfd69e0, 0x00000299dcfd6d48]

GC Heap History (10 events):
Event: 1.529 GC heap before
{Heap before GC invocations=2 (full 0):
 PSYoungGen      total 38400K, used 38391K [0x00000000d5f80000, 0x00000000daa80000, 0x0000000100000000)
  eden space 33280K, 100% used [0x00000000d5f80000,0x00000000d8000000,0x00000000d8000000)
  from space 5120K, 99% used [0x00000000d8000000,0x00000000d84fde88,0x00000000d8500000)
  to   space 5120K, 0% used [0x00000000da580000,0x00000000da580000,0x00000000daa80000)
 ParOldGen       total 87552K, used 647K [0x0000000081e00000, 0x0000000087380000, 0x00000000d5f80000)
  object space 87552K, 0% used [0x0000000081e00000,0x0000000081ea1e60,0x0000000087380000)
 Metaspace       used 10026K, capacity 10196K, committed 10368K, reserved 1058816K
  class space    used 1195K, capacity 1288K, committed 1408K, reserved 1048576K
Event: 1.544 GC heap after
Heap after GC invocations=2 (full 0):
 PSYoungGen      total 71680K, used 5119K [0x00000000d5f80000, 0x00000000daa80000, 0x0000000100000000)
  eden space 66560K, 0% used [0x00000000d5f80000,0x00000000d5f80000,0x00000000da080000)
  from space 5120K, 99% used [0x00000000da580000,0x00000000daa7fc60,0x00000000daa80000)
  to   space 5120K, 0% used [0x00000000da080000,0x00000000da080000,0x00000000da580000)
 ParOldGen       total 87552K, used 8127K [0x0000000081e00000, 0x0000000087380000, 0x00000000d5f80000)
  object space 87552K, 9% used [0x0000000081e00000,0x00000000825efcd0,0x0000000087380000)
 Metaspace       used 10026K, capacity 10196K, committed 10368K, reserved 1058816K
  class space    used 1195K, capacity 1288K, committed 1408K, reserved 1048576K
}
Event: 3.016 GC heap before
{Heap before GC invocations=3 (full 0):
 PSYoungGen      total 71680K, used 71679K [0x00000000d5f80000, 0x00000000daa80000, 0x0000000100000000)
  eden space 66560K, 100% used [0x00000000d5f80000,0x00000000da080000,0x00000000da080000)
  from space 5120K, 99% used [0x00000000da580000,0x00000000daa7fc60,0x00000000daa80000)
  to   space 5120K, 0% used [0x00000000da080000,0x00000000da080000,0x00000000da580000)
 ParOldGen       total 87552K, used 8127K [0x0000000081e00000, 0x0000000087380000, 0x00000000d5f80000)
  object space 87552K, 9% used [0x0000000081e00000,0x00000000825efcd0,0x0000000087380000)
 Metaspace       used 17323K, capacity 17526K, committed 17664K, reserved 1064960K
  class space    used 2215K, capacity 2291K, committed 2304K, reserved 1048576K
Event: 3.037 GC heap after
Heap after GC invocations=3 (full 0):
 PSYoungGen      total 71680K, used 5101K [0x00000000d5f80000, 0x00000000deb80000, 0x0000000100000000)
  eden space 66560K, 0% used [0x00000000d5f80000,0x00000000d5f80000,0x00000000da080000)
  from space 5120K, 99% used [0x00000000da080000,0x00000000da57b480,0x00000000da580000)
  to   space 5120K, 0% used [0x00000000de680000,0x00000000de680000,0x00000000deb80000)
 ParOldGen       total 87552K, used 19922K [0x0000000081e00000, 0x0000000087380000, 0x00000000d5f80000)
  object space 87552K, 22% used [0x0000000081e00000,0x0000000083174a40,0x0000000087380000)
 Metaspace       used 17323K, capacity 17526K, committed 17664K, reserved 1064960K
  class space    used 2215K, capacity 2291K, committed 2304K, reserved 1048576K
}
Event: 4.372 GC heap before
{Heap before GC invocations=4 (full 0):
 PSYoungGen      total 71680K, used 49628K [0x00000000d5f80000, 0x00000000deb80000, 0x0000000100000000)
  eden space 66560K, 66% used [0x00000000d5f80000,0x00000000d8afbe10,0x00000000da080000)
  from space 5120K, 99% used [0x00000000da080000,0x00000000da57b480,0x00000000da580000)
  to   space 5120K, 0% used [0x00000000de680000,0x00000000de680000,0x00000000deb80000)
 ParOldGen       total 87552K, used 19922K [0x0000000081e00000, 0x0000000087380000, 0x00000000d5f80000)
  object space 87552K, 22% used [0x0000000081e00000,0x0000000083174a40,0x0000000087380000)
 Metaspace       used 20888K, capacity 21110K, committed 21248K, reserved 1067008K
  class space    used 2643K, capacity 2733K, committed 2816K, reserved 1048576K
Event: 4.393 GC heap after
Heap after GC invocations=4 (full 0):
 PSYoungGen      total 138240K, used 5103K [0x00000000d5f80000, 0x00000000deb80000, 0x0000000100000000)
  eden space 133120K, 0% used [0x00000000d5f80000,0x00000000d5f80000,0x00000000de180000)
  from space 5120K, 99% used [0x00000000de680000,0x00000000deb7bc50,0x00000000deb80000)
  to   space 5120K, 0% used [0x00000000de180000,0x00000000de180000,0x00000000de680000)
 ParOldGen       total 87552K, used 24586K [0x0000000081e00000, 0x0000000087380000, 0x00000000d5f80000)
  object space 87552K, 28% used [0x0000000081e00000,0x0000000083602bf8,0x0000000087380000)
 Metaspace       used 20888K, capacity 21110K, committed 21248K, reserved 1067008K
  class space    used 2643K, capacity 2733K, committed 2816K, reserved 1048576K
}
Event: 4.393 GC heap before
{Heap before GC invocations=5 (full 1):
 PSYoungGen      total 138240K, used 5103K [0x00000000d5f80000, 0x00000000deb80000, 0x0000000100000000)
  eden space 133120K, 0% used [0x00000000d5f80000,0x00000000d5f80000,0x00000000de180000)
  from space 5120K, 99% used [0x00000000de680000,0x00000000deb7bc50,0x00000000deb80000)
  to   space 5120K, 0% used [0x00000000de180000,0x00000000de180000,0x00000000de680000)
 ParOldGen       total 87552K, used 24586K [0x0000000081e00000, 0x0000000087380000, 0x00000000d5f80000)
  object space 87552K, 28% used [0x0000000081e00000,0x0000000083602bf8,0x0000000087380000)
 Metaspace       used 20888K, capacity 21110K, committed 21248K, reserved 1067008K
  class space    used 2643K, capacity 2733K, committed 2816K, reserved 1048576K
Event: 4.498 GC heap after
Heap after GC invocations=5 (full 1):
 PSYoungGen      total 138240K, used 0K [0x00000000d5f80000, 0x00000000deb80000, 0x0000000100000000)
  eden space 133120K, 0% used [0x00000000d5f80000,0x00000000d5f80000,0x00000000de180000)
  from space 5120K, 0% used [0x00000000de680000,0x00000000de680000,0x00000000deb80000)
  to   space 5120K, 0% used [0x00000000de180000,0x00000000de180000,0x00000000de680000)
 ParOldGen       total 90624K, used 24012K [0x0000000081e00000, 0x0000000087680000, 0x00000000d5f80000)
  object space 90624K, 26% used [0x0000000081e00000,0x0000000083573290,0x0000000087680000)
 Metaspace       used 20888K, capacity 21110K, committed 21248K, reserved 1067008K
  class space    used 2643K, capacity 2733K, committed 2816K, reserved 1048576K
}
Event: 6.040 GC heap before
{Heap before GC invocations=6 (full 1):
 PSYoungGen      total 138240K, used 133120K [0x00000000d5f80000, 0x00000000deb80000, 0x0000000100000000)
  eden space 133120K, 100% used [0x00000000d5f80000,0x00000000de180000,0x00000000de180000)
  from space 5120K, 0% used [0x00000000de680000,0x00000000de680000,0x00000000deb80000)
  to   space 5120K, 0% used [0x00000000de180000,0x00000000de180000,0x00000000de680000)
 ParOldGen       total 90624K, used 24012K [0x0000000081e00000, 0x0000000087680000, 0x00000000d5f80000)
  object space 90624K, 26% used [0x0000000081e00000,0x0000000083573290,0x0000000087680000)
 Metaspace       used 21410K, capacity 21672K, committed 21760K, reserved 1069056K
  class space    used 2674K, capacity 2752K, committed 2816K, reserved 1048576K
Event: 6.044 GC heap after
Heap after GC invocations=6 (full 1):
 PSYoungGen      total 138240K, used 640K [0x00000000d5f80000, 0x00000000e3880000, 0x0000000100000000)
  eden space 133120K, 0% used [0x00000000d5f80000,0x00000000d5f80000,0x00000000de180000)
  from space 5120K, 12% used [0x00000000de180000,0x00000000de220000,0x00000000de680000)
  to   space 20480K, 0% used [0x00000000e2480000,0x00000000e2480000,0x00000000e3880000)
 ParOldGen       total 90624K, used 24012K [0x0000000081e00000, 0x0000000087680000, 0x00000000d5f80000)
  object space 90624K, 26% used [0x0000000081e00000,0x0000000083573290,0x0000000087680000)
 Metaspace       used 21410K, capacity 21672K, committed 21760K, reserved 1069056K
  class space    used 2674K, capacity 2752K, committed 2816K, reserved 1048576K
}

Deoptimization events (10 events):
Event: 5.086 Thread 0x00000299da8ff800 Uncommon trap: reason=class_check action=maybe_recompile pc=0x00000299dce804c4 method=com.google.common.collect.TransformedIterator.<init>(Ljava/util/Iterator;)V @ 9
Event: 5.718 Thread 0x00000299da8ff800 Uncommon trap: reason=class_check action=maybe_recompile pc=0x00000299dcf12614 method=org.uqbar.project.wollok.wollokDsl.impl.WAncestorImpl.getRef()Lorg/uqbar/project/wollok/wollokDsl/WAncestorRef; @ 11
Event: 5.728 Thread 0x00000299da8ff800 Uncommon trap: reason=class_check action=maybe_recompile pc=0x00000299dcf12614 method=org.uqbar.project.wollok.wollokDsl.impl.WAncestorImpl.getRef()Lorg/uqbar/project/wollok/wollokDsl/WAncestorRef; @ 11
Event: 5.804 Thread 0x00000299da8ff800 Uncommon trap: reason=class_check action=maybe_recompile pc=0x00000299dcf12614 method=org.uqbar.project.wollok.wollokDsl.impl.WAncestorImpl.getRef()Lorg/uqbar/project/wollok/wollokDsl/WAncestorRef; @ 11
Event: 5.890 Thread 0x00000299da8ff800 Uncommon trap: reason=class_check action=maybe_recompile pc=0x00000299dcf12614 method=org.uqbar.project.wollok.wollokDsl.impl.WAncestorImpl.getRef()Lorg/uqbar/project/wollok/wollokDsl/WAncestorRef; @ 11
Event: 6.114 Thread 0x00000299da8ff800 Uncommon trap: reason=unstable_if action=reinterpret pc=0x00000299dc6821f4 method=java.io.WinNTFileSystem.normalize(Ljava/lang/String;)Ljava/lang/String; @ 49
Event: 6.133 Thread 0x00000299da8ff800 Uncommon trap: reason=unstable_if action=reinterpret pc=0x00000299dcf0c53c method=java.util.AbstractCollection.addAll(Ljava/util/Collection;)Z @ 32
Event: 6.156 Thread 0x00000299da8ff800 Uncommon trap: reason=predicate action=maybe_recompile pc=0x00000299dc7921d4 method=java.lang.String.regionMatches(ZILjava/lang/String;II)Z @ 63
Event: 6.512 Thread 0x00000299da8ff800 Uncommon trap: reason=unstable_if action=reinterpret pc=0x00000299dc5ec108 method=java.lang.ThreadLocal$ThreadLocalMap.getEntry(Ljava/lang/ThreadLocal;)Ljava/lang/ThreadLocal$ThreadLocalMap$Entry; @ 29
Event: 6.512 Thread 0x00000299da8ff800 Uncommon trap: reason=unstable_if action=reinterpret pc=0x00000299dc5f2fdc method=java.lang.ThreadLocal$ThreadLocalMap.getEntry(Ljava/lang/ThreadLocal;)Ljava/lang/ThreadLocal$ThreadLocalMap$Entry; @ 29

Classes redefined (0 events):
No events

Internal exceptions (10 events):
Event: 3.692 Thread 0x00000299da8ff800 Implicit null exception at 0x00000299dca92027 to 0x00000299dca92e71
Event: 3.725 Thread 0x00000299da8ff800 Implicit null exception at 0x00000299dc9990d0 to 0x00000299dc9991b1
Event: 3.726 Thread 0x00000299da8ff800 Implicit null exception at 0x00000299dca4c53b to 0x00000299dca4cb3d
Event: 4.279 Thread 0x00000299da8ff800 Exception <a 'java/lang/reflect/InvocationTargetException'> (0x00000000d8676dc8) thrown at [E:\Jenkins\workspace\temp\workspace\build\src\hotspot\src\share\vm\runtime\reflection.cpp, line 1092]
Event: 6.576 Thread 0x00000299da8ff800 Exception <a 'java/security/PrivilegedActionException'> (0x00000000d64d2d90) thrown at [E:\Jenkins\workspace\temp\workspace\build\src\hotspot\src\share\vm\prims\jvm.cpp, line 1514]
Event: 6.576 Thread 0x00000299da8ff800 Exception <a 'java/security/PrivilegedActionException'> (0x00000000d64d42c0) thrown at [E:\Jenkins\workspace\temp\workspace\build\src\hotspot\src\share\vm\prims\jvm.cpp, line 1514]
Event: 6.576 Thread 0x00000299da8ff800 Exception <a 'java/security/PrivilegedActionException'> (0x00000000d64d56f0) thrown at [E:\Jenkins\workspace\temp\workspace\build\src\hotspot\src\share\vm\prims\jvm.cpp, line 1514]
Event: 6.576 Thread 0x00000299da8ff800 Exception <a 'java/security/PrivilegedActionException'> (0x00000000d64d7140) thrown at [E:\Jenkins\workspace\temp\workspace\build\src\hotspot\src\share\vm\prims\jvm.cpp, line 1514]
Event: 6.576 Thread 0x00000299da8ff800 Exception <a 'java/security/PrivilegedActionException'> (0x00000000d64d8538) thrown at [E:\Jenkins\workspace\temp\workspace\build\src\hotspot\src\share\vm\prims\jvm.cpp, line 1514]
Event: 6.576 Thread 0x00000299da8ff800 Exception <a 'java/security/PrivilegedActionException'> (0x00000000d64d9900) thrown at [E:\Jenkins\workspace\temp\workspace\build\src\hotspot\src\share\vm\prims\jvm.cpp, line 1514]

Events (10 events):
Event: 6.622 loading class org/lwjgl/openal/ALCdevice
Event: 6.622 loading class org/lwjgl/openal/ALCdevice done
Event: 6.623 loading class org/lwjgl/openal/ALCcontext
Event: 6.623 loading class org/lwjgl/openal/ALCcontext done
Event: 6.624 loading class java/nio/DirectIntBufferU
Event: 6.625 loading class java/nio/DirectIntBufferU done
Event: 6.625 loading class org/lwjgl/openal/Util
Event: 6.625 loading class org/lwjgl/openal/Util done
Event: 6.626 loading class org/lwjgl/openal/OpenALException
Event: 6.626 loading class org/lwjgl/openal/OpenALException done


Dynamic libraries:
0x00007ff71b810000 - 0x00007ff71b861000 	C:\Program Files\Eclipse Adoptium\jdk-8.0.402.6-hotspot\bin\javaw.exe
0x00007ffc2c910000 - 0x00007ffc2cb08000 	C:\Windows\SYSTEM32\ntdll.dll
0x00007ffc2c6e0000 - 0x00007ffc2c79d000 	C:\Windows\System32\KERNEL32.DLL
0x00007ffc29fd0000 - 0x00007ffc2a2c6000 	C:\Windows\System32\KERNELBASE.dll
0x00007ffc2c630000 - 0x00007ffc2c6e0000 	C:\Windows\System32\ADVAPI32.dll
0x00007ffc2ae40000 - 0x00007ffc2aede000 	C:\Windows\System32\msvcrt.dll
0x00007ffc2c7a0000 - 0x00007ffc2c840000 	C:\Windows\System32\sechost.dll
0x00007ffc2bdc0000 - 0x00007ffc2bee3000 	C:\Windows\System32\RPCRT4.dll
0x00007ffc2a560000 - 0x00007ffc2a587000 	C:\Windows\System32\bcrypt.dll
0x00007ffc2a950000 - 0x00007ffc2aaef000 	C:\Windows\System32\USER32.dll
0x00007ffc2a3d0000 - 0x00007ffc2a3f2000 	C:\Windows\System32\win32u.dll
0x00007ffc2bca0000 - 0x00007ffc2bccb000 	C:\Windows\System32\GDI32.dll
0x00007ffc2a830000 - 0x00007ffc2a947000 	C:\Windows\System32\gdi32full.dll
0x00007ffc2a470000 - 0x00007ffc2a50d000 	C:\Windows\System32\msvcp_win.dll
0x00007ffc2a2d0000 - 0x00007ffc2a3d0000 	C:\Windows\System32\ucrtbase.dll
0x00007ffc196c0000 - 0x00007ffc1995a000 	C:\Windows\WinSxS\amd64_microsoft.windows.common-controls_6595b64144ccf1df_6.0.19041.4355_none_60b8b9eb71f62e16\COMCTL32.dll
0x00007ffc2b140000 - 0x00007ffc2b16f000 	C:\Windows\System32\IMM32.DLL
0x00007ffc217e0000 - 0x00007ffc217f5000 	C:\Program Files\Eclipse Adoptium\jdk-8.0.402.6-hotspot\jre\bin\vcruntime140.dll
0x00007ffc09ab0000 - 0x00007ffc09b4b000 	C:\Program Files\Eclipse Adoptium\jdk-8.0.402.6-hotspot\jre\bin\msvcp140.dll
0x000000006aaa0000 - 0x000000006b2f9000 	C:\Program Files\Eclipse Adoptium\jdk-8.0.402.6-hotspot\jre\bin\server\jvm.dll
0x00007ffc2c570000 - 0x00007ffc2c578000 	C:\Windows\System32\PSAPI.DLL
0x00007ffc1eff0000 - 0x00007ffc1f017000 	C:\Windows\SYSTEM32\WINMM.dll
0x00007ffc23190000 - 0x00007ffc2319a000 	C:\Windows\SYSTEM32\VERSION.dll
0x00007ffc263f0000 - 0x00007ffc263f9000 	C:\Windows\SYSTEM32\WSOCK32.dll
0x00007ffc2aff0000 - 0x00007ffc2b05b000 	C:\Windows\System32\ws2_32.DLL
0x00007ffc27e50000 - 0x00007ffc27e62000 	C:\Windows\SYSTEM32\kernel.appcore.dll
0x00007ffc26580000 - 0x00007ffc26590000 	C:\Program Files\Eclipse Adoptium\jdk-8.0.402.6-hotspot\jre\bin\verify.dll
0x00007ffc21980000 - 0x00007ffc219ab000 	C:\Program Files\Eclipse Adoptium\jdk-8.0.402.6-hotspot\jre\bin\java.dll
0x00007ffc242a0000 - 0x00007ffc242b8000 	C:\Program Files\Eclipse Adoptium\jdk-8.0.402.6-hotspot\jre\bin\zip.dll
0x00007ffc2b530000 - 0x00007ffc2bc9c000 	C:\Windows\System32\SHELL32.dll
0x00007ffc28050000 - 0x00007ffc287ed000 	C:\Windows\SYSTEM32\windows.storage.dll
0x00007ffc2b1d0000 - 0x00007ffc2b523000 	C:\Windows\System32\combase.dll
0x00007ffc299f0000 - 0x00007ffc29a1e000 	C:\Windows\SYSTEM32\Wldp.dll
0x00007ffc2bcd0000 - 0x00007ffc2bd9d000 	C:\Windows\System32\OLEAUT32.dll
0x00007ffc2aee0000 - 0x00007ffc2af8d000 	C:\Windows\System32\SHCORE.dll
0x00007ffc2b170000 - 0x00007ffc2b1c5000 	C:\Windows\System32\shlwapi.dll
0x00007ffc29f00000 - 0x00007ffc29f24000 	C:\Windows\SYSTEM32\profapi.dll
0x0000000065580000 - 0x0000000065616000 	C:\Users\Damian\AppData\Local\Temp\libgdxDamian\12dfaa03\gdx64.dll
0x00007ffc29940000 - 0x00007ffc29958000 	C:\Windows\SYSTEM32\CRYPTSP.dll
0x00007ffc29000000 - 0x00007ffc29034000 	C:\Windows\system32\rsaenh.dll
0x00007ffc29e70000 - 0x00007ffc29e9e000 	C:\Windows\SYSTEM32\USERENV.dll
0x00007ffc2a640000 - 0x00007ffc2a6c2000 	C:\Windows\System32\bcryptprimitives.dll
0x00007ffc29960000 - 0x00007ffc2996c000 	C:\Windows\SYSTEM32\CRYPTBASE.dll
0x00007ffc20a00000 - 0x00007ffc20a1c000 	C:\Program Files\Eclipse Adoptium\jdk-8.0.402.6-hotspot\jre\bin\net.dll
0x00007ffc29750000 - 0x00007ffc297ba000 	C:\Windows\system32\mswsock.dll
0x00007ffc293e0000 - 0x00007ffc2941b000 	C:\Windows\SYSTEM32\IPHLPAPI.DLL
0x00007ffc2aaf0000 - 0x00007ffc2aaf8000 	C:\Windows\System32\NSI.dll
0x00007ffc22470000 - 0x00007ffc22487000 	C:\Windows\SYSTEM32\dhcpcsvc6.DLL
0x00007ffc23010000 - 0x00007ffc2302d000 	C:\Windows\SYSTEM32\dhcpcsvc.DLL
0x00007ffc29430000 - 0x00007ffc294fa000 	C:\Windows\SYSTEM32\DNSAPI.dll
0x00007ffc1ea20000 - 0x00007ffc1ea33000 	C:\Program Files\Eclipse Adoptium\jdk-8.0.402.6-hotspot\jre\bin\nio.dll
0x0000000180000000 - 0x0000000180053000 	C:\Users\Damian\AppData\Local\Temp\libgdxDamian\dc0f0009\lwjgl64.dll
0x00007ffc096d0000 - 0x00007ffc097f5000 	C:\Windows\SYSTEM32\OPENGL32.dll
0x00007ffc16c60000 - 0x00007ffc16c8c000 	C:\Windows\SYSTEM32\GLU32.dll
0x00000299daac0000 - 0x00000299dab24000 	C:\Users\Damian\AppData\Local\Temp\libgdxDamian\dc0f0009\OpenAL64.dll
0x00007ffc2ab60000 - 0x00007ffc2ac8b000 	C:\Windows\System32\ole32.dll
0x00007ffc27970000 - 0x00007ffc27a0e000 	C:\Windows\system32\uxtheme.dll
0x00007ffc2c580000 - 0x00007ffc2c629000 	C:\Windows\System32\clbcatq.dll
0x00007ffc15f50000 - 0x00007ffc15fec000 	C:\Windows\SYSTEM32\dsound.dll
0x00007ffc29500000 - 0x00007ffc2954b000 	C:\Windows\SYSTEM32\powrprof.dll
0x00007ffc11140000 - 0x00007ffc11166000 	C:\Windows\SYSTEM32\winmmbase.dll
0x00007ffc293c0000 - 0x00007ffc293d2000 	C:\Windows\SYSTEM32\UMPDC.dll
0x00007ffc23100000 - 0x00007ffc23185000 	C:\Windows\System32\MMDevApi.dll
0x00007ffc29ba0000 - 0x00007ffc29bd3000 	C:\Windows\System32\DEVOBJ.dll
0x00007ffc2a510000 - 0x00007ffc2a55e000 	C:\Windows\System32\cfgmgr32.dll
0x00007ffc23400000 - 0x00007ffc23581000 	C:\Windows\SYSTEM32\AUDIOSES.DLL
0x00007ffc23210000 - 0x00007ffc233f4000 	C:\Windows\SYSTEM32\dbghelp.dll

VM Arguments:
jvm_args: -Duser.language=es_AR -Dfile.encoding=UTF-8 
java_command: org.uqbar.project.wollok.launch.WollokLauncher -requestsPort 0 -eventsPort 0 -folder -dontValidate -wf src/juego.wpgm -darkMode
java_class_path (initial): C:\Users\Damian\Documents\UNAHUR\Obejtos 1\wollok-win32.win32.x86_64\workspace\TPGameIntegrador-los-simuladores\bin;C:\Users\Damian\Documents\UNAHUR\Obejtos 1\wollok-win32.win32.x86_64\plugins\com.ibm.icu_64.2.0.v20190507-1337.jar;C:\Users\Damian\Documents\UNAHUR\Obejtos 1\wollok-win32.win32.x86_64\plugins\org.eclipse.xtext_2.20.0.v20191202-0915.jar;C:\Users\Damian\Documents\UNAHUR\Obejtos 1\wollok-win32.win32.x86_64\plugins\org.eclipse.emf.ecore.xmi_2.16.0.v20190528-0725.jar;C:\Users\Damian\Documents\UNAHUR\Obejtos 1\wollok-win32.win32.x86_64\plugins\org.eclipse.emf.ecore_2.20.0.v20190920-0401.jar;C:\Users\Damian\Documents\UNAHUR\Obejtos 1\wollok-win32.win32.x86_64\plugins\org.eclipse.emf.common_2.17.0.v20190920-0401.jar;C:\Users\Damian\Documents\UNAHUR\Obejtos 1\wollok-win32.win32.x86_64\plugins\org.antlr.runtime_3.2.0.v201101311130.jar;C:\Users\Damian\Documents\UNAHUR\Obejtos 1\wollok-win32.win32.x86_64\plugins\com.google.inject_3.0.0.v201605172100.jar;C:\Users\Damian\Documents\UNAHUR\Obejtos 1\wollok-win32.win32.x86_64\plugins\org.eclipse.emf.mwe.core_1.5.1.v20191121-1148.jar;C:\Users\Damian\Documents\UNAHUR\Obejtos 1\wollok-win32.win32.x86_64\plugins\org.apache.commons.cli_1.2.0.v201404270220.jar;C:\Users\Damian\Documents\UNAHUR\Obejtos 1\wollok-win32.win32.x86_64\plugins\org.eclipse.emf.mwe2.runtime_2.11.1.v20191121-1148.jar;C:\Users\Damian\Documents\UNAHUR\Obejtos 1\wollok-win32.win32.x86_64\plugins\org.eclipse.emf.mwe.utils_1.5.1.v20191121-1148.jar;C:\Users\Damian\Documents\UNAHUR\Obejtos 1\wollok-win32.win32.x86_64\plugins\org.eclipse.xtext.util_2.20.0.v20191202-0915.jar;C:\Users\Damian\Documents\UNAHUR\Obejtos 1\wollok-win32.win32.x86_64\plugins\com.google.guava_27.1.0.v20190517-1946.jar;C:\Users\Damian\Documents\UNAHUR\Obejtos 1\wollok-win32.win32.x86_64\plugins\javax.inject_1.0.0.v20091030.jar;C:\Users\Damian\Documents\UNAHUR\Obejtos 1\wollok-win32.win32.x86_64\plugins\org.eclipse.xtext.generator_2.20.0.v20191202-0933.jar;C:\
Launcher Type: SUN_STANDARD

Environment Variables:
JAVA_HOME=C:\Program Files\Eclipse Adoptium\jdk-21.0.2.13-hotspot\
PATH=C:/Program Files/Eclipse Adoptium/jdk-8.0.402.6-hotspot/bin/../jre/bin/server;C:/Program Files/Eclipse Adoptium/jdk-8.0.402.6-hotspot/bin/../jre/bin;C:/Program Files/Eclipse Adoptium/jdk-8.0.402.6-hotspot/bin/../jre/lib/amd64;C:\Program Files\Eclipse Adoptium\jdk-8.0.402.6-hotspot\bin;C:\Program Files\Eclipse Adoptium\jdk-21.0.2.13-hotspot\bin;C:\Program Files\Common Files\Oracle\Java\javapath;C:\Program Files (x86)\Common Files\Oracle\Java\javapath;C:\Windows\system32;C:\Windows;C:\Windows\System32\Wbem;C:\Windows\System32\WindowsPowerShell\v1.0\;C:\Windows\System32\OpenSSH\;C:\Program Files\dotnet\;C:\Program Files\Git\cmd;C:\Users\Damian\AppData\Local\Programs\Python\Python312\Scripts\;C:\Users\Damian\AppData\Local\Programs\Python\Python312\;C:\Users\Damian\AppData\Local\Microsoft\WindowsApps;C:\Users\Damian\AppData\Local\Programs\Microsoft VS Code\bin;C:\Users\Damian\AppData\Local\GitHubDesktop\bin;C:\Users\Damian\Documents\UNAHUR\Obejtos 1\wollok-win32.win32.x86_64;
USERNAME=Damian
OS=Windows_NT
PROCESSOR_IDENTIFIER=Intel64 Family 6 Model 78 Stepping 3, GenuineIntel



---------------  S Y S T E M  ---------------

OS: Windows 10 , 64 bit Build 19041 (10.0.19041.3636)

CPU:total 4 (initial active 4) (2 cores per cpu, 2 threads per core) family 6 model 78 stepping 3, cmov, cx8, fxsr, mmx, sse, sse2, sse3, ssse3, sse4.1, sse4.2, popcnt, avx, avx2, aes, clmul, erms, 3dnowpref, lzcnt, ht, tsc, tscinvbit, bmi1, bmi2, adx

Memory: 4k page, physical 8260276k(3996716k free), swap 12356276k(6452020k free)

vm_info: OpenJDK 64-Bit Server VM (25.402-b06) for windows-amd64 JRE (1.8.0_402-b06), built on Jan 16 2024 21:53:06 by "jenkins" with MS VC++ 15.9 (VS2017)

time: Sun Jun 16 11:59:47 2024
timezone: Hora estándar de Argentina
elapsed time: 6.710765 seconds (0d 0h 0m 6s)

